CRITICAL - 2025-11-23 13:14:49 --> ErrorException: include(D:\project\startoutaici4\app\Views/assets/css/styles.css): Failed to open stream: No such file or directory
[Method: GET, Route: /]
in APPPATH\Views\templates\header.php on line 33.
 1 APPPATH\Views\templates\header.php(33): CodeIgniter\Debug\Exceptions->errorHandler(2, 'include(D:\\project\\startoutaici4\\app\\Views/assets/css/styles.css): Failed to open stream: No such file or directory', 'D:\\project\\startoutaici4\\app\\Views\\templates\\header.php', 33)
 2 APPPATH\Views\templates\header.php(33): include()
 3 SYSTEMPATH\View\View.php(226): include('D:\\project\\startoutaici4\\app\\Views\\templates\\header.php')
 4 SYSTEMPATH\View\View.php(229): CodeIgniter\View\View->CodeIgniter\View\{closure}()
 5 SYSTEMPATH\Common.php(1167): CodeIgniter\View\View->render('templates/header', [], true)
 6 APPPATH\Controllers\Home.php(15): view('templates/header', [...])
 7 SYSTEMPATH\CodeIgniter.php(933): App\Controllers\Home->index()
 8 SYSTEMPATH\CodeIgniter.php(507): CodeIgniter\CodeIgniter->runController(Object(App\Controllers\Home))
 9 SYSTEMPATH\CodeIgniter.php(354): CodeIgniter\CodeIgniter->handleRequest(null, Object(Config\Cache), false)
10 SYSTEMPATH\Boot.php(363): CodeIgniter\CodeIgniter->run()
11 SYSTEMPATH\Boot.php(68): CodeIgniter\Boot::runCodeIgniter(Object(CodeIgniter\CodeIgniter))
12 FCPATH\index.php(59): CodeIgniter\Boot::bootWeb(Object(Config\Paths))
13 SYSTEMPATH\rewrite.php(44): require_once('D:\\project\\startoutaici4\\public\\index.php')
CRITICAL - 2025-11-23 13:15:18 --> ErrorException: include(D:\project\startoutaici4\app\Views/assets/css/styles.css): Failed to open stream: No such file or directory
[Method: GET, Route: /]
in APPPATH\Views\templates\header.php on line 33.
 1 APPPATH\Views\templates\header.php(33): CodeIgniter\Debug\Exceptions->errorHandler(2, 'include(D:\\project\\startoutaici4\\app\\Views/assets/css/styles.css): Failed to open stream: No such file or directory', 'D:\\project\\startoutaici4\\app\\Views\\templates\\header.php', 33)
 2 APPPATH\Views\templates\header.php(33): include()
 3 SYSTEMPATH\View\View.php(226): include('D:\\project\\startoutaici4\\app\\Views\\templates\\header.php')
 4 SYSTEMPATH\View\View.php(229): CodeIgniter\View\View->CodeIgniter\View\{closure}()
 5 SYSTEMPATH\Common.php(1167): CodeIgniter\View\View->render('templates/header', [], true)
 6 APPPATH\Controllers\Home.php(15): view('templates/header', [...])
 7 SYSTEMPATH\CodeIgniter.php(933): App\Controllers\Home->index()
 8 SYSTEMPATH\CodeIgniter.php(507): CodeIgniter\CodeIgniter->runController(Object(App\Controllers\Home))
 9 SYSTEMPATH\CodeIgniter.php(354): CodeIgniter\CodeIgniter->handleRequest(null, Object(Config\Cache), false)
10 SYSTEMPATH\Boot.php(363): CodeIgniter\CodeIgniter->run()
11 SYSTEMPATH\Boot.php(68): CodeIgniter\Boot::runCodeIgniter(Object(CodeIgniter\CodeIgniter))
12 FCPATH\index.php(59): CodeIgniter\Boot::bootWeb(Object(Config\Paths))
13 SYSTEMPATH\rewrite.php(44): require_once('D:\\project\\startoutaici4\\public\\index.php')
CRITICAL - 2025-11-23 13:16:12 --> Error: Call to undefined method CodeIgniter\View\View::getAnnotationFeatures()
[Method: GET, Route: /]
in APPPATH\Views\data_annotation\index.php on line 25.
 1 SYSTEMPATH\View\View.php(226): include()
 2 SYSTEMPATH\View\View.php(229): CodeIgniter\View\View->CodeIgniter\View\{closure}()
 3 SYSTEMPATH\Common.php(1167): CodeIgniter\View\View->render('data_annotation/index', [], true)
 4 APPPATH\Controllers\Home.php(17): view('data_annotation/index')
 5 SYSTEMPATH\CodeIgniter.php(933): App\Controllers\Home->index()
 6 SYSTEMPATH\CodeIgniter.php(507): CodeIgniter\CodeIgniter->runController(Object(App\Controllers\Home))
 7 SYSTEMPATH\CodeIgniter.php(354): CodeIgniter\CodeIgniter->handleRequest(null, Object(Config\Cache), false)
 8 SYSTEMPATH\Boot.php(363): CodeIgniter\CodeIgniter->run()
 9 SYSTEMPATH\Boot.php(68): CodeIgniter\Boot::runCodeIgniter(Object(CodeIgniter\CodeIgniter))
10 FCPATH\index.php(59): CodeIgniter\Boot::bootWeb(Object(Config\Paths))
11 SYSTEMPATH\rewrite.php(44): require_once('D:\\project\\startoutaici4\\public\\index.php')
CRITICAL - 2025-11-23 13:21:56 --> Error: Call to undefined method CodeIgniter\View\View::getAnnotationFeatures()
[Method: GET, Route: /]
in APPPATH\Views\data_annotation\index.php on line 25.
 1 SYSTEMPATH\View\View.php(226): include()
 2 SYSTEMPATH\View\View.php(229): CodeIgniter\View\View->CodeIgniter\View\{closure}()
 3 SYSTEMPATH\Common.php(1167): CodeIgniter\View\View->render('data_annotation/index', [], true)
 4 APPPATH\Controllers\Home.php(17): view('data_annotation/index')
 5 SYSTEMPATH\CodeIgniter.php(933): App\Controllers\Home->index()
 6 SYSTEMPATH\CodeIgniter.php(507): CodeIgniter\CodeIgniter->runController(Object(App\Controllers\Home))
 7 SYSTEMPATH\CodeIgniter.php(354): CodeIgniter\CodeIgniter->handleRequest(null, Object(Config\Cache), false)
 8 SYSTEMPATH\Boot.php(363): CodeIgniter\CodeIgniter->run()
 9 SYSTEMPATH\Boot.php(68): CodeIgniter\Boot::runCodeIgniter(Object(CodeIgniter\CodeIgniter))
10 FCPATH\index.php(59): CodeIgniter\Boot::bootWeb(Object(Config\Paths))
11 SYSTEMPATH\rewrite.php(44): require_once('D:\\project\\startoutaici4\\public\\index.php')
CRITICAL - 2025-11-23 13:23:09 --> Error: Call to undefined method CodeIgniter\View\View::getAnnotationFeatures()
[Method: GET, Route: /]
in APPPATH\Views\data_annotation\index.php on line 25.
 1 SYSTEMPATH\View\View.php(226): include()
 2 SYSTEMPATH\View\View.php(229): CodeIgniter\View\View->CodeIgniter\View\{closure}()
 3 SYSTEMPATH\Common.php(1167): CodeIgniter\View\View->render('data_annotation/index', [], true)
 4 APPPATH\Controllers\Home.php(20): view('data_annotation/index', [...])
 5 SYSTEMPATH\CodeIgniter.php(933): App\Controllers\Home->index()
 6 SYSTEMPATH\CodeIgniter.php(507): CodeIgniter\CodeIgniter->runController(Object(App\Controllers\Home))
 7 SYSTEMPATH\CodeIgniter.php(354): CodeIgniter\CodeIgniter->handleRequest(null, Object(Config\Cache), false)
 8 SYSTEMPATH\Boot.php(363): CodeIgniter\CodeIgniter->run()
 9 SYSTEMPATH\Boot.php(68): CodeIgniter\Boot::runCodeIgniter(Object(CodeIgniter\CodeIgniter))
10 FCPATH\index.php(59): CodeIgniter\Boot::bootWeb(Object(Config\Paths))
11 SYSTEMPATH\rewrite.php(44): require_once('D:\\project\\startoutaici4\\public\\index.php')
CRITICAL - 2025-11-23 17:11:20 --> CodeIgniter\View\Exceptions\ViewException: Invalid file: "page/talent_solution.php"
[Method: GET, Route: services/talent-solution]
in SYSTEMPATH\Exceptions\FrameworkException.php on line 39.
 1 SYSTEMPATH\View\View.php(214): CodeIgniter\Exceptions\FrameworkException::forInvalidFile('page/talent_solution.php')
 2 SYSTEMPATH\Common.php(1167): CodeIgniter\View\View->render('page/talent_solution', [], true)
 3 APPPATH\Controllers\Services.php(20): view('page/talent_solution', [...])
 4 SYSTEMPATH\CodeIgniter.php(933): App\Controllers\Services->talentsolution()
 5 SYSTEMPATH\CodeIgniter.php(507): CodeIgniter\CodeIgniter->runController(Object(App\Controllers\Services))
 6 SYSTEMPATH\CodeIgniter.php(354): CodeIgniter\CodeIgniter->handleRequest(null, Object(Config\Cache), false)
 7 SYSTEMPATH\Boot.php(363): CodeIgniter\CodeIgniter->run()
 8 SYSTEMPATH\Boot.php(68): CodeIgniter\Boot::runCodeIgniter(Object(CodeIgniter\CodeIgniter))
 9 FCPATH\index.php(59): CodeIgniter\Boot::bootWeb(Object(Config\Paths))
10 SYSTEMPATH\rewrite.php(44): require_once('D:\\project\\startoutaici4\\public\\index.php')
CRITICAL - 2025-11-23 17:12:06 --> CodeIgniter\View\Exceptions\ViewException: Invalid file: "page/talent_solution.php"
[Method: GET, Route: services/talent-solution]
in SYSTEMPATH\Exceptions\FrameworkException.php on line 39.
 1 SYSTEMPATH\View\View.php(214): CodeIgniter\Exceptions\FrameworkException::forInvalidFile('page/talent_solution.php')
 2 SYSTEMPATH\Common.php(1167): CodeIgniter\View\View->render('page/talent_solution', [], true)
 3 APPPATH\Controllers\Services.php(205): view('page/talent_solution', [...])
 4 SYSTEMPATH\CodeIgniter.php(933): App\Controllers\Services->talentsolution()
 5 SYSTEMPATH\CodeIgniter.php(507): CodeIgniter\CodeIgniter->runController(Object(App\Controllers\Services))
 6 SYSTEMPATH\CodeIgniter.php(354): CodeIgniter\CodeIgniter->handleRequest(null, Object(Config\Cache), false)
 7 SYSTEMPATH\Boot.php(363): CodeIgniter\CodeIgniter->run()
 8 SYSTEMPATH\Boot.php(68): CodeIgniter\Boot::runCodeIgniter(Object(CodeIgniter\CodeIgniter))
 9 FCPATH\index.php(59): CodeIgniter\Boot::bootWeb(Object(Config\Paths))
10 SYSTEMPATH\rewrite.php(44): require_once('D:\\project\\startoutaici4\\public\\index.php')
